Flow report for DE2_115_IR
Sun Oct 20 18:15:55 2024
Quartus Prime Version 20.1.0 Build 711 06/05/2020 SJ Lite Edition


---------------------
; Table of Contents ;
---------------------
  1. Legal Notice
  2. Flow Summary
  3. Flow Settings
  4. Flow Non-Default Global Settings
  5. Flow Elapsed Time
  6. Flow OS Summary
  7. Flow Log
  8. Flow Messages
  9. Flow Suppressed Messages



----------------
; Legal Notice ;
----------------
Copyright (C) 2020  Intel Corporation. All rights reserved.
Your use of Intel Corporation's design tools, logic functions 
and other software and tools, and any partner logic 
functions, and any output files from any of the foregoing 
(including device programming or simulation files), and any 
associated documentation or information are expressly subject 
to the terms and conditions of the Intel Program License 
Subscription Agreement, the Intel Quartus Prime License Agreement,
the Intel FPGA IP License Agreement, or other applicable license
agreement, including, without limitation, that your use is for
the sole purpose of programming logic devices manufactured by
Intel and sold by Intel or its authorized distributors.  Please
refer to the applicable agreement for further details, at
https://fpgasoftware.intel.com/eula.



+----------------------------------------------------------------------------------+
; Flow Summary                                                                     ;
+------------------------------------+---------------------------------------------+
; Flow Status                        ; Successful - Sun Oct 20 18:15:55 2024       ;
; Quartus Prime Version              ; 20.1.0 Build 711 06/05/2020 SJ Lite Edition ;
; Revision Name                      ; DE2_115_IR                                  ;
; Top-level Entity Name              ; ir_controller                               ;
; Family                             ; Cyclone IV E                                ;
; Device                             ; EP4CE115F29C7                               ;
; Timing Models                      ; Final                                       ;
; Total logic elements               ; 7 / 114,480 ( < 1 % )                       ;
;     Total combinational functions  ; 7 / 114,480 ( < 1 % )                       ;
;     Dedicated logic registers      ; 3 / 114,480 ( < 1 % )                       ;
; Total registers                    ; 3                                           ;
; Total pins                         ; 38 / 529 ( 7 % )                            ;
; Total virtual pins                 ; 0                                           ;
; Total memory bits                  ; 0 / 3,981,312 ( 0 % )                       ;
; Embedded Multiplier 9-bit elements ; 0 / 532 ( 0 % )                             ;
; Total PLLs                         ; 0 / 4 ( 0 % )                               ;
+------------------------------------+---------------------------------------------+


+-----------------------------------------+
; Flow Settings                           ;
+-------------------+---------------------+
; Option            ; Setting             ;
+-------------------+---------------------+
; Start date & time ; 10/20/2024 18:15:32 ;
; Main task         ; Compilation         ;
; Revision Name     ; DE2_115_IR          ;
+-------------------+---------------------+


+-----------------------------------------------------------------------------------------------------------------------------------------------------+
; Flow Non-Default Global Settings                                                                                                                    ;
+--------------------------------------+-----------------------------------------------------------+---------------+---------------+------------------+
; Assignment Name                      ; Value                                                     ; Default Value ; Entity Name   ; Section Id       ;
+--------------------------------------+-----------------------------------------------------------+---------------+---------------+------------------+
; COMPILER_SIGNATURE_ID                ; 258364243256200.172940853223932                           ; --            ; --            ; --               ;
; EDA_DESIGN_INSTANCE_NAME             ; NA                                                        ; --            ; --            ; ir_controller_tb ;
; EDA_DESIGN_INSTANCE_NAME             ; NA                                                        ; --            ; --            ; integration_tb   ;
; EDA_NATIVELINK_SIMULATION_TEST_BENCH ; integration_tb                                            ; --            ; --            ; eda_simulation   ;
; EDA_OUTPUT_DATA_FORMAT               ; Verilog Hdl                                               ; --            ; --            ; eda_simulation   ;
; EDA_SIMULATION_TOOL                  ; ModelSim-Altera (Verilog)                                 ; <None>        ; --            ; --               ;
; EDA_TEST_BENCH_ENABLE_STATUS         ; TEST_BENCH_MODE                                           ; --            ; --            ; eda_simulation   ;
; EDA_TEST_BENCH_FILE                  ; ir_controller_tb.sv                                       ; --            ; --            ; ir_controller_tb ;
; EDA_TEST_BENCH_FILE                  ; ir_controller.sv                                          ; --            ; --            ; integration_tb   ;
; EDA_TEST_BENCH_FILE                  ; json_to_uart_top.sv                                       ; --            ; --            ; integration_tb   ;
; EDA_TEST_BENCH_FILE                  ; integration_tb.sv                                         ; --            ; --            ; integration_tb   ;
; EDA_TEST_BENCH_FILE                  ; uart_tx.sv                                                ; --            ; --            ; integration_tb   ;
; EDA_TEST_BENCH_MODULE_NAME           ; ir_controller_tb                                          ; --            ; --            ; ir_controller_tb ;
; EDA_TEST_BENCH_MODULE_NAME           ; integration_tb                                            ; --            ; --            ; integration_tb   ;
; EDA_TEST_BENCH_NAME                  ; ir_controller_tb                                          ; --            ; --            ; eda_simulation   ;
; EDA_TEST_BENCH_NAME                  ; integration_tb                                            ; --            ; --            ; eda_simulation   ;
; EDA_TIME_SCALE                       ; 1 ps                                                      ; --            ; --            ; eda_simulation   ;
; MAX_CORE_JUNCTION_TEMP               ; 85                                                        ; --            ; --            ; --               ;
; MIN_CORE_JUNCTION_TEMP               ; 0                                                         ; --            ; --            ; --               ;
; MISC_FILE                            ; E:/My_design/IR/DE2_115_IR/DE2_115_IR.dpf                 ; --            ; --            ; --               ;
; MISC_FILE                            ; E:/DE2_115_NEW/trunk/ref_design/DE2_115_IR/DE2_115_IR.dpf ; --            ; --            ; --               ;
; MISC_FILE                            ; pll1.bsf                                                  ; --            ; --            ; --               ;
; MISC_FILE                            ; pll1.ppf                                                  ; --            ; --            ; --               ;
; NOMINAL_CORE_SUPPLY_VOLTAGE          ; 1.2V                                                      ; --            ; --            ; --               ;
; PARTITION_COLOR                      ; -- (Not supported for targeted family)                    ; --            ; ir_controller ; Top              ;
; PARTITION_FITTER_PRESERVATION_LEVEL  ; -- (Not supported for targeted family)                    ; --            ; ir_controller ; Top              ;
; PARTITION_NETLIST_TYPE               ; -- (Not supported for targeted family)                    ; --            ; ir_controller ; Top              ;
; POWER_BOARD_THERMAL_MODEL            ; None (CONSERVATIVE)                                       ; --            ; --            ; --               ;
; POWER_PRESET_COOLING_SOLUTION        ; 23 MM HEAT SINK WITH 200 LFPM AIRFLOW                     ; --            ; --            ; --               ;
; TOP_LEVEL_ENTITY                     ; ir_controller                                             ; DE2_115_IR    ; --            ; --               ;
; USE_GENERATED_PHYSICAL_CONSTRAINTS   ; Off                                                       ; --            ; --            ; eda_blast_fpga   ;
+--------------------------------------+-----------------------------------------------------------+---------------+---------------+------------------+


+--------------------------------------------------------------------------------------------------------------------------+
; Flow Elapsed Time                                                                                                        ;
+----------------------+--------------+-------------------------+---------------------+------------------------------------+
; Module Name          ; Elapsed Time ; Average Processors Used ; Peak Virtual Memory ; Total CPU Time (on all processors) ;
+----------------------+--------------+-------------------------+---------------------+------------------------------------+
; Analysis & Synthesis ; 00:00:07     ; 1.0                     ; 4784 MB             ; 00:00:10                           ;
; Fitter               ; 00:00:07     ; 1.0                     ; 6294 MB             ; 00:00:12                           ;
; Assembler            ; 00:00:03     ; 1.0                     ; 4695 MB             ; 00:00:03                           ;
; Timing Analyzer      ; 00:00:01     ; 1.0                     ; 4924 MB             ; 00:00:01                           ;
; EDA Netlist Writer   ; 00:00:01     ; 1.0                     ; 4663 MB             ; 00:00:01                           ;
; Total                ; 00:00:19     ; --                      ; --                  ; 00:00:27                           ;
+----------------------+--------------+-------------------------+---------------------+------------------------------------+


+------------------------------------------------------------------------------------+
; Flow OS Summary                                                                    ;
+----------------------+------------------+------------+------------+----------------+
; Module Name          ; Machine Hostname ; OS Name    ; OS Version ; Processor type ;
+----------------------+------------------+------------+------------+----------------+
; Analysis & Synthesis ; LAPTOP-2GSVSL4J  ; Windows 10 ; 10.0       ; x86_64         ;
; Fitter               ; LAPTOP-2GSVSL4J  ; Windows 10 ; 10.0       ; x86_64         ;
; Assembler            ; LAPTOP-2GSVSL4J  ; Windows 10 ; 10.0       ; x86_64         ;
; Timing Analyzer      ; LAPTOP-2GSVSL4J  ; Windows 10 ; 10.0       ; x86_64         ;
; EDA Netlist Writer   ; LAPTOP-2GSVSL4J  ; Windows 10 ; 10.0       ; x86_64         ;
+----------------------+------------------+------------+------------+----------------+


------------
; Flow Log ;
------------
quartus_map --read_settings_files=on --write_settings_files=off DE2_115_IR -c DE2_115_IR
quartus_fit --read_settings_files=off --write_settings_files=off DE2_115_IR -c DE2_115_IR
quartus_asm --read_settings_files=off --write_settings_files=off DE2_115_IR -c DE2_115_IR
quartus_sta DE2_115_IR -c DE2_115_IR
quartus_eda --read_settings_files=off --write_settings_files=off DE2_115_IR -c DE2_115_IR



